
2024/08/07 09:34:46 /Users/jerrymei/MyCode/go/gin-ddd-example/internal/app/repo/recommend_supplier_test.go:36
[41.849ms] [rows:1] UPDATE `recommend_supplier` SET `logo`=CAST('{"name":"哈哈11","url":"https://www.baiud.com"}' AS JSON),`updated_at`='2024-08-07 09:34:46.54' WHERE id = 1

2024/08/07 09:35:23 /Users/jerrymei/MyCode/go/gin-ddd-example/internal/app/repo/recommend_supplier_test.go:36 Error 1146 (42S02): Table 'retail.recommend_suppliers' doesn't exist
[24.316ms] [rows:0] UPDATE `recommend_suppliers` SET `logo`=CAST('{"name":"哈哈11","url":"https://www.baiud.com"}' AS JSON),`updated_at`='2024-08-07 09:35:23.618' WHERE id = 1

2024/08/07 09:35:44 /Users/jerrymei/MyCode/go/gin-ddd-example/internal/app/repo/recommend_supplier_test.go:45
[2.515ms] [rows:1] SELECT * FROM `recommend_supplier_type` WHERE `recommend_supplier_type`.`id` = 1

2024/08/07 09:35:44 /Users/jerrymei/MyCode/go/gin-ddd-example/internal/app/repo/recommend_supplier_test.go:45
[7.784ms] [rows:1] SELECT * FROM `recommend_supplier` WHERE `recommend_supplier`.`id` = 1

2024/08/07 19:26:39 /Users/jerrymei/MyCode/go/gin-ddd-example/internal/app/repo/recommend_supplier_test.go:17
[24.578ms] [rows:1] SELECT * FROM `recommend_supplier` WHERE `recommend_supplier`.`id` = 1 ORDER BY `recommend_supplier`.`id` LIMIT 1

2024/08/07 19:27:08 /Users/jerrymei/MyCode/go/gin-ddd-example/internal/app/repo/recommend_supplier_test.go:94
[2.432ms] [rows:1] SELECT * FROM `recommend_supplier` WHERE `recommend_supplier`.`id` = 1

2024/08/07 19:27:08 /Users/jerrymei/MyCode/go/gin-ddd-example/internal/app/repo/recommend_supplier_test.go:94
[12.900ms] [rows:1] SELECT * FROM `recommend_supplier_banner` WHERE `recommend_supplier_banner`.`id` = 1 ORDER BY `recommend_supplier_banner`.`id` LIMIT 1

2024/08/07 19:28:21 /Users/jerrymei/MyCode/go/gin-ddd-example/internal/app/repo/recommend_supplier_test.go:103
[2.531ms] [rows:5] SELECT * FROM `recommend_supplier_product` WHERE `recommend_supplier_product`.`supplier_id` = 1

2024/08/07 19:28:21 /Users/jerrymei/MyCode/go/gin-ddd-example/internal/app/repo/recommend_supplier_test.go:103
[10.227ms] [rows:1] SELECT * FROM `recommend_supplier` WHERE `recommend_supplier`.`id` = 1 ORDER BY `recommend_supplier`.`id` LIMIT 1

2024/08/07 19:30:55 /Users/jerrymei/MyCode/go/gin-ddd-example/internal/app/repo/recommend_supplier_test.go:104
[3.257ms] [rows:5] SELECT * FROM `recommend_supplier_product` WHERE `recommend_supplier_product`.`supplier_id` = 1

2024/08/07 19:30:55 /Users/jerrymei/MyCode/go/gin-ddd-example/internal/app/repo/recommend_supplier_test.go:104
[6.866ms] [rows:1] SELECT * FROM `recommend_supplier_type` WHERE `recommend_supplier_type`.`id` = 1

2024/08/07 19:30:55 /Users/jerrymei/MyCode/go/gin-ddd-example/internal/app/repo/recommend_supplier_test.go:104
[22.659ms] [rows:1] SELECT * FROM `recommend_supplier` WHERE `recommend_supplier`.`id` = 1 ORDER BY `recommend_supplier`.`id` LIMIT 1

2024/08/07 19:34:41 /Users/jerrymei/MyCode/go/gin-ddd-example/internal/app/repo/recommend_supplier_test.go:107
[2.113ms] [rows:5] SELECT * FROM `recommend_supplier_product` WHERE `recommend_supplier_product`.`type_id` = 1 AND `recommend_supplier_product`.`supplier_id` = 1

2024/08/07 19:34:41 /Users/jerrymei/MyCode/go/gin-ddd-example/internal/app/repo/recommend_supplier_test.go:107
[1.730ms] [rows:1] SELECT * FROM `recommend_supplier_type` WHERE `recommend_supplier_type`.`id` = 1

2024/08/07 19:34:41 /Users/jerrymei/MyCode/go/gin-ddd-example/internal/app/repo/recommend_supplier_test.go:107
[9.360ms] [rows:1] SELECT * FROM `recommend_supplier` WHERE `recommend_supplier`.`id` = 1 ORDER BY `recommend_supplier`.`id` LIMIT 1
